0 info it worked if it ends with ok
1 verbose cli [ '/home/ubuntu/.nvm/versions/node/v4.7.3/bin/node',
1 verbose cli   '/home/ubuntu/.nvm/versions/node/v4.7.3/bin/npm',
1 verbose cli   'owner',
1 verbose cli   'ls',
1 verbose cli   'Physics' ]
2 info using npm@2.15.11
3 info using node@v4.7.3
4 silly mapToRegistry name Physics
5 silly mapToRegistry using default registry
6 silly mapToRegistry registry https://registry.npmjs.org/
7 silly mapToRegistry data Result {
7 silly mapToRegistry   raw: 'Physics',
7 silly mapToRegistry   scope: null,
7 silly mapToRegistry   name: 'Physics',
7 silly mapToRegistry   rawSpec: '',
7 silly mapToRegistry   spec: 'latest',
7 silly mapToRegistry   type: 'tag' }
8 silly mapToRegistry uri https://registry.npmjs.org/Physics
9 verbose request uri https://registry.npmjs.org/Physics
10 verbose request no auth needed
11 info attempt registry request try #1 at 8:35:09 PM
12 verbose request id 037af993933cdb69
13 http request GET https://registry.npmjs.org/Physics
14 http 404 https://registry.npmjs.org/Physics
15 verbose headers { 'content-type': 'application/json',
15 verbose headers   'cache-control': 'max-age=0',
15 verbose headers   'content-length': '2',
15 verbose headers   'accept-ranges': 'bytes',
15 verbose headers   date: 'Sat, 24 Jun 2017 20:35:10 GMT',
15 verbose headers   via: '1.1 varnish',
15 verbose headers   age: '0',
15 verbose headers   connection: 'keep-alive',
15 verbose headers   'x-served-by': 'cache-ord1741-ORD',
15 verbose headers   'x-cache': 'MISS',
15 verbose headers   'x-cache-hits': '0',
15 verbose headers   'x-timer': 'S1498336510.784758,VS0,VE432',
15 verbose headers   vary: 'Accept-Encoding' }
16 silly get cb [ 404,
16 silly get   { 'content-type': 'application/json',
16 silly get     'cache-control': 'max-age=0',
16 silly get     'content-length': '2',
16 silly get     'accept-ranges': 'bytes',
16 silly get     date: 'Sat, 24 Jun 2017 20:35:10 GMT',
16 silly get     via: '1.1 varnish',
16 silly get     age: '0',
16 silly get     connection: 'keep-alive',
16 silly get     'x-served-by': 'cache-ord1741-ORD',
16 silly get     'x-cache': 'MISS',
16 silly get     'x-cache-hits': '0',
16 silly get     'x-timer': 'S1498336510.784758,VS0,VE432',
16 silly get     vary: 'Accept-Encoding' } ]
17 error owner ls Couldn't get owner data Physics
18 verbose stack Error: Registry returned 404 for GET on https://registry.npmjs.org/Physics
18 verbose stack     at makeError (/home/ubuntu/.nvm/versions/node/v4.7.3/lib/node_modules/npm/node_modules/npm-registry-client/lib/request.js:302:12)
18 verbose stack     at CachingRegistryClient.<anonymous> (/home/ubuntu/.nvm/versions/node/v4.7.3/lib/node_modules/npm/node_modules/npm-registry-client/lib/request.js:280:14)
18 verbose stack     at Request._callback (/home/ubuntu/.nvm/versions/node/v4.7.3/lib/node_modules/npm/node_modules/npm-registry-client/lib/request.js:210:14)
18 verbose stack     at Request.self.callback (/home/ubuntu/.nvm/versions/node/v4.7.3/lib/node_modules/npm/node_modules/request/request.js:187:22)
18 verbose stack     at emitTwo (events.js:87:13)
18 verbose stack     at Request.emit (events.js:172:7)
18 verbose stack     at Request.<anonymous> (/home/ubuntu/.nvm/versions/node/v4.7.3/lib/node_modules/npm/node_modules/request/request.js:1044:10)
18 verbose stack     at emitOne (events.js:77:13)
18 verbose stack     at Request.emit (events.js:169:7)
18 verbose stack     at IncomingMessage.<anonymous> (/home/ubuntu/.nvm/versions/node/v4.7.3/lib/node_modules/npm/node_modules/request/request.js:965:12)
19 verbose statusCode 404
20 verbose pkgid Physics
21 verbose cwd /home/ubuntu/workspace/PhysicsAjax5
22 error Linux 4.9.17-c9
23 error argv "/home/ubuntu/.nvm/versions/node/v4.7.3/bin/node" "/home/ubuntu/.nvm/versions/node/v4.7.3/bin/npm" "owner" "ls" "Physics"
24 error node v4.7.3
25 error npm  v2.15.11
26 error code E404
27 error 404 Registry returned 404 for GET on https://registry.npmjs.org/Physics
27 error 404
27 error 404 'Physics' is not in the npm registry.
27 error 404 Your package name is not valid, because
27 error 404
27 error 404  1. name can no longer contain capital letters
27 error 404
27 error 404 Note that you can also install from a
27 error 404 tarball, folder, http url, or git url.
28 verbose exit [ 1, true ]
